android/app/build/intermediates/manifest_merge_blame_file/release/processReleaseMainManifest/manifest-merger-blame-release-report.txt
1<?xml version="1.0" encoding="utf-8"?>
2<manifest xmlns:android="http://schemas.android.com/apk/res/android"
3    package="com.example.agro_smart_tech"
4    android:versionCode="2"
5    android:versionName="1.0.1" >
6
7    <uses-sdk
8        android:minSdkVersion="24"
9        android:targetSdkVersion="36" />
10    <!--
11         Required to query activities that can process text, see:
12         https://developer.android.com/training/package-visibility and
13         https://developer.android.com/reference/android/content/Intent#ACTION_PROCESS_TEXT.
14
15         In particular, this is used by the Flutter engine in io.flutter.plugin.text.ProcessTextPlugin.
16    -->
17    <queries>
17-->src\main\AndroidManifest.xml:39:5-44:15
18        <intent>
18-->src\main\AndroidManifest.xml:40:9-43:18
19            <action android:name="android.intent.action.PROCESS_TEXT" />
19-->src\main\AndroidManifest.xml:41:13-72
19-->src\main\AndroidManifest.xml:41:21-70
20
21            <data android:mimeType="text/plain" />
21-->src\main\AndroidManifest.xml:42:13-50
21-->src\main\AndroidManifest.xml:42:19-48
22        </intent>
23    </queries>
24
25    <uses-feature android:name="android.hardware.camera.any" />
25-->[:camera_android_camerax] AndroidManifest.xml:7:5-64
25-->[:camera_android_camerax] AndroidManifest.xml:7:19-61
26
27    <uses-permission android:name="android.permission.CAMERA" />
27-->[:camera_android_camerax] AndroidManifest.xml:9:5-65
27-->[:camera_android_camerax] AndroidManifest.xml:9:22-62
28    <uses-permission android:name="android.permission.RECORD_AUDIO" />
28-->[:camera_android_camerax] AndroidManifest.xml:10:5-71
28-->[:camera_android_camerax] AndroidManifest.xml:10:22-68
29    <uses-permission
29-->[:camera_android_camerax] AndroidManifest.xml:11:5-13:38
30        android:name="android.permission.WRITE_EXTERNAL_STORAGE"
30-->[:camera_android_camerax] AndroidManifest.xml:12:9-65
31        android:maxSdkVersion="28" />
31-->[:camera_android_camerax] AndroidManifest.xml:13:9-35
32    <uses-permission android:name="android.permission.READ_EXTERNAL_STORAGE" />
33    <uses-permission android:name="android.permission.ACCESS_NETWORK_STATE" />
33-->[:connectivity_plus] AndroidManifest.xml:7:5-79
33-->[:connectivity_plus] AndroidManifest.xml:7:22-76
34    <uses-permission android:name="android.permission.INTERNET" />
34-->[com.google.firebase:firebase-auth:24.0.1] AndroidManifest.xml:25:5-67
34-->[com.google.firebase:firebase-auth:24.0.1] AndroidManifest.xml:25:22-64
35    <uses-permission android:name="com.google.android.providers.gsf.permission.READ_GSERVICES" />
35-->[com.google.android.recaptcha:recaptcha:18.6.1] AndroidManifest.xml:9:5-98
35-->[com.google.android.recaptcha:recaptcha:18.6.1] AndroidManifest.xml:9:22-95
36
37    <permission
37-->[androidx.core:core:1.13.1] AndroidManifest.xml:22:5-24:47
38        android:name="com.example.agro_smart_tech.DYNAMIC_RECEIVER_NOT_EXPORTED_PERMISSION"
38-->[androidx.core:core:1.13.1] AndroidManifest.xml:23:9-81
39        android:protectionLevel="signature" />
39-->[androidx.core:core:1.13.1] AndroidManifest.xml:24:9-44
40
41    <uses-permission android:name="com.example.agro_smart_tech.DYNAMIC_RECEIVER_NOT_EXPORTED_PERMISSION" />
41-->[androidx.core:core:1.13.1] AndroidManifest.xml:26:5-97
41-->[androidx.core:core:1.13.1] AndroidManifest.xml:26:22-94
42    <uses-permission android:name="android.permission.READ_PHONE_STATE" />
43
44    <application
45        android:name="android.app.Application"
45-->src\main\AndroidManifest.xml:4:9-42
46        android:appComponentFactory="androidx.core.app.CoreComponentFactory"
46-->[androidx.core:core:1.13.1] AndroidManifest.xml:28:18-86
47        android:extractNativeLibs="false"
48        android:icon="@mipmap/launcher_icon"
48-->src\main\AndroidManifest.xml:5:9-45
49        android:label="Agro Smart Technology" >
49-->src\main\AndroidManifest.xml:3:9-46
50        <activity
50-->src\main\AndroidManifest.xml:6:9-27:20
51            android:name="com.example.agro_smart_tech.MainActivity"
51-->src\main\AndroidManifest.xml:7:13-41
52            android:configChanges="orientation|keyboardHidden|keyboard|screenSize|smallestScreenSize|locale|layoutDirection|fontScale|screenLayout|density|uiMode"
52-->src\main\AndroidManifest.xml:12:13-163
53            android:exported="true"
53-->src\main\AndroidManifest.xml:8:13-36
54            android:hardwareAccelerated="true"
54-->src\main\AndroidManifest.xml:13:13-47
55            android:launchMode="singleTop"
55-->src\main\AndroidManifest.xml:9:13-43
56            android:taskAffinity=""
56-->src\main\AndroidManifest.xml:10:13-36
57            android:theme="@style/LaunchTheme"
57-->src\main\AndroidManifest.xml:11:13-47
58            android:windowSoftInputMode="adjustResize" >
58-->src\main\AndroidManifest.xml:14:13-55
59
60            <!--
61                 Specifies an Android theme to apply to this Activity as soon as
62                 the Android process has started. This theme is visible to the user
63                 while the Flutter UI initializes. After that, this theme continues
64                 to determine the Window background behind the Flutter UI.
65            -->
66            <meta-data
66-->src\main\AndroidManifest.xml:19:13-22:17
67                android:name="io.flutter.embedding.android.NormalTheme"
67-->src\main\AndroidManifest.xml:20:15-70
68                android:resource="@style/NormalTheme" />
68-->src\main\AndroidManifest.xml:21:15-52
69
70            <intent-filter>
70-->src\main\AndroidManifest.xml:23:13-26:29
71                <action android:name="android.intent.action.MAIN" />
71-->src\main\AndroidManifest.xml:24:17-68
71-->src\main\AndroidManifest.xml:24:25-66
72
73                <category android:name="android.intent.category.LAUNCHER" />
73-->src\main\AndroidManifest.xml:25:17-76
73-->src\main\AndroidManifest.xml:25:27-74
74            </intent-filter>
75        </activity>
76        <!--
77             Don't delete the meta-data below.
78             This is used by the Flutter tool to generate GeneratedPluginRegistrant.java
79        -->
80        <meta-data
80-->src\main\AndroidManifest.xml:30:9-32:33
81            android:name="flutterEmbedding"
81-->src\main\AndroidManifest.xml:31:13-44
82            android:value="2" />
82-->src\main\AndroidManifest.xml:32:13-30
83
84        <service
84-->[:firebase_storage] AndroidManifest.xml:8:9-12:19
85            android:name="com.google.firebase.components.ComponentDiscoveryService"
85-->[:firebase_storage] AndroidManifest.xml:8:18-89
86            android:directBootAware="true"
86-->[com.google.firebase:firebase-common:22.0.1] AndroidManifest.xml:32:13-43
87            android:exported="false" >
87-->[com.google.firebase:firebase-auth:24.0.1] AndroidManifest.xml:68:13-37
88            <meta-data
88-->[:firebase_storage] AndroidManifest.xml:9:13-11:85
89                android:name="com.google.firebase.components:io.flutter.plugins.firebase.storage.FlutterFirebaseAppRegistrar"
89-->[:firebase_storage] AndroidManifest.xml:10:17-126
90                android:value="com.google.firebase.components.ComponentRegistrar" />
90-->[:firebase_storage] AndroidManifest.xml:11:17-82
91            <meta-data
91-->[:cloud_firestore] AndroidManifest.xml:9:13-11:85
92                android:name="com.google.firebase.components:io.flutter.plugins.firebase.firestore.FlutterFirebaseFirestoreRegistrar"
92-->[:cloud_firestore] AndroidManifest.xml:10:17-134
93                android:value="com.google.firebase.components.ComponentRegistrar" />
93-->[:cloud_firestore] AndroidManifest.xml:11:17-82
94            <meta-data
94-->[:firebase_auth] AndroidManifest.xml:9:13-11:85
95                android:name="com.google.firebase.components:io.flutter.plugins.firebase.auth.FlutterFirebaseAuthRegistrar"
95-->[:firebase_auth] AndroidManifest.xml:10:17-124
96                android:value="com.google.firebase.components.ComponentRegistrar" />
96-->[:firebase_auth] AndroidManifest.xml:11:17-82
97            <meta-data
97-->[:firebase_core] AndroidManifest.xml:9:13-11:85
98                android:name="com.google.firebase.components:io.flutter.plugins.firebase.core.FlutterFirebaseCoreRegistrar"
98-->[:firebase_core] AndroidManifest.xml:10:17-124
99                android:value="com.google.firebase.components.ComponentRegistrar" />
99-->[:firebase_core] AndroidManifest.xml:11:17-82
100            <meta-data
100-->[com.google.firebase:firebase-auth:24.0.1] AndroidManifest.xml:69:13-71:85
101                android:name="com.google.firebase.components:com.google.firebase.auth.FirebaseAuthRegistrar"
101-->[com.google.firebase:firebase-auth:24.0.1] AndroidManifest.xml:70:17-109
102                android:value="com.google.firebase.components.ComponentRegistrar" />
102-->[com.google.firebase:firebase-auth:24.0.1] AndroidManifest.xml:71:17-82
103            <meta-data
103-->[com.google.firebase:firebase-firestore:26.0.2] AndroidManifest.xml:17:13-19:85
104                android:name="com.google.firebase.components:com.google.firebase.firestore.FirebaseFirestoreKtxRegistrar"
104-->[com.google.firebase:firebase-firestore:26.0.2] AndroidManifest.xml:18:17-122
105                android:value="com.google.firebase.components.ComponentRegistrar" />
105-->[com.google.firebase:firebase-firestore:26.0.2] AndroidManifest.xml:19:17-82
106            <meta-data
106-->[com.google.firebase:firebase-firestore:26.0.2] AndroidManifest.xml:20:13-22:85
107                android:name="com.google.firebase.components:com.google.firebase.firestore.FirestoreRegistrar"
107-->[com.google.firebase:firebase-firestore:26.0.2] AndroidManifest.xml:21:17-111
108                android:value="com.google.firebase.components.ComponentRegistrar" />
108-->[com.google.firebase:firebase-firestore:26.0.2] AndroidManifest.xml:22:17-82
109            <meta-data
109-->[com.google.firebase:firebase-storage:22.0.1] AndroidManifest.xml:30:13-32:85
110                android:name="com.google.firebase.components:com.google.firebase.storage.FirebaseStorageKtxRegistrar"
110-->[com.google.firebase:firebase-storage:22.0.1] AndroidManifest.xml:31:17-118
111                android:value="com.google.firebase.components.ComponentRegistrar" />
111-->[com.google.firebase:firebase-storage:22.0.1] AndroidManifest.xml:32:17-82
112            <meta-data
112-->[com.google.firebase:firebase-storage:22.0.1] AndroidManifest.xml:33:13-35:85
113                android:name="com.google.firebase.components:com.google.firebase.storage.StorageRegistrar"
113-->[com.google.firebase:firebase-storage:22.0.1] AndroidManifest.xml:34:17-107
114                android:value="com.google.firebase.components.ComponentRegistrar" />
114-->[com.google.firebase:firebase-storage:22.0.1] AndroidManifest.xml:35:17-82
115            <meta-data
115-->[com.google.firebase:firebase-common:22.0.1] AndroidManifest.xml:35:13-37:85
116                android:name="com.google.firebase.components:com.google.firebase.FirebaseCommonKtxRegistrar"
116-->[com.google.firebase:firebase-common:22.0.1] AndroidManifest.xml:36:17-109
117                android:value="com.google.firebase.components.ComponentRegistrar" />
117-->[com.google.firebase:firebase-common:22.0.1] AndroidManifest.xml:37:17-82
118            <meta-data
118-->[com.google.firebase:firebase-appcheck:19.0.1] AndroidManifest.xml:25:13-27:85
119                android:name="com.google.firebase.components:com.google.firebase.appcheck.FirebaseAppCheckKtxRegistrar"
119-->[com.google.firebase:firebase-appcheck:19.0.1] AndroidManifest.xml:26:17-120
120                android:value="com.google.firebase.components.ComponentRegistrar" />
120-->[com.google.firebase:firebase-appcheck:19.0.1] AndroidManifest.xml:27:17-82
121            <meta-data
121-->[com.google.firebase:firebase-appcheck:19.0.1] AndroidManifest.xml:28:13-30:85
122                android:name="com.google.firebase.components:com.google.firebase.appcheck.FirebaseAppCheckRegistrar"
122-->[com.google.firebase:firebase-appcheck:19.0.1] AndroidManifest.xml:29:17-117
123                android:value="com.google.firebase.components.ComponentRegistrar" />
123-->[com.google.firebase:firebase-appcheck:19.0.1] AndroidManifest.xml:30:17-82
124        </service>
125        <service
125-->[androidx.camera:camera-camera2:1.5.1] AndroidManifest.xml:24:9-33:19
126            android:name="androidx.camera.core.impl.MetadataHolderService"
126-->[androidx.camera:camera-camera2:1.5.1] AndroidManifest.xml:25:13-75
127            android:enabled="false"
127-->[androidx.camera:camera-camera2:1.5.1] AndroidManifest.xml:26:13-36
128            android:exported="false" >
128-->[androidx.camera:camera-camera2:1.5.1] AndroidManifest.xml:27:13-37
129            <meta-data
129-->[androidx.camera:camera-camera2:1.5.1] AndroidManifest.xml:30:13-32:89
130                android:name="androidx.camera.core.impl.MetadataHolderService.DEFAULT_CONFIG_PROVIDER"
130-->[androidx.camera:camera-camera2:1.5.1] AndroidManifest.xml:31:17-103
131                android:value="androidx.camera.camera2.Camera2Config$DefaultProvider" />
131-->[androidx.camera:camera-camera2:1.5.1] AndroidManifest.xml:32:17-86
132        </service>
133
134        <provider
134-->[:image_picker_android] AndroidManifest.xml:9:9-17:20
135            android:name="io.flutter.plugins.imagepicker.ImagePickerFileProvider"
135-->[:image_picker_android] AndroidManifest.xml:10:13-82
136            android:authorities="com.example.agro_smart_tech.flutter.image_provider"
136-->[:image_picker_android] AndroidManifest.xml:11:13-74
137            android:exported="false"
137-->[:image_picker_android] AndroidManifest.xml:12:13-37
138            android:grantUriPermissions="true" >
138-->[:image_picker_android] AndroidManifest.xml:13:13-47
139            <meta-data
139-->[:image_picker_android] AndroidManifest.xml:14:13-16:75
140                android:name="android.support.FILE_PROVIDER_PATHS"
140-->[:image_picker_android] AndroidManifest.xml:15:17-67
141                android:resource="@xml/flutter_image_picker_file_paths" />
141-->[:image_picker_android] AndroidManifest.xml:16:17-72
142        </provider> <!-- Trigger Google Play services to install the backported photo picker module. -->
143        <service
143-->[:image_picker_android] AndroidManifest.xml:19:9-31:19
144            android:name="com.google.android.gms.metadata.ModuleDependencies"
144-->[:image_picker_android] AndroidManifest.xml:20:13-78
145            android:enabled="false"
145-->[:image_picker_android] AndroidManifest.xml:21:13-36
146            android:exported="false" >
146-->[:image_picker_android] AndroidManifest.xml:22:13-37
147            <intent-filter>
147-->[:image_picker_android] AndroidManifest.xml:24:13-26:29
148                <action android:name="com.google.android.gms.metadata.MODULE_DEPENDENCIES" />
148-->[:image_picker_android] AndroidManifest.xml:25:17-94
148-->[:image_picker_android] AndroidManifest.xml:25:25-91
149            </intent-filter>
150
151            <meta-data
151-->[:image_picker_android] AndroidManifest.xml:28:13-30:36
152                android:name="photopicker_activity:0:required"
152-->[:image_picker_android] AndroidManifest.xml:29:17-63
153                android:value="" />
153-->[:image_picker_android] AndroidManifest.xml:30:17-33
154        </service>
155
156        <uses-library
156-->[androidx.window:window:1.2.0] AndroidManifest.xml:23:9-25:40
157            android:name="androidx.window.extensions"
157-->[androidx.window:window:1.2.0] AndroidManifest.xml:24:13-54
158            android:required="false" />
158-->[androidx.window:window:1.2.0] AndroidManifest.xml:25:13-37
159        <uses-library
159-->[androidx.window:window:1.2.0] AndroidManifest.xml:26:9-28:40
160            android:name="androidx.window.sidecar"
160-->[androidx.window:window:1.2.0] AndroidManifest.xml:27:13-51
161            android:required="false" />
161-->[androidx.window:window:1.2.0] AndroidManifest.xml:28:13-37
162
163        <activity
163-->[com.google.firebase:firebase-auth:24.0.1] AndroidManifest.xml:29:9-46:20
164            android:name="com.google.firebase.auth.internal.GenericIdpActivity"
164-->[com.google.firebase:firebase-auth:24.0.1] AndroidManifest.xml:30:13-80
165            android:excludeFromRecents="true"
165-->[com.google.firebase:firebase-auth:24.0.1] AndroidManifest.xml:31:13-46
166            android:exported="true"
166-->[com.google.firebase:firebase-auth:24.0.1] AndroidManifest.xml:32:13-36
167            android:launchMode="singleTask"
167-->[com.google.firebase:firebase-auth:24.0.1] AndroidManifest.xml:33:13-44
168            android:theme="@android:style/Theme.Translucent.NoTitleBar" >
168-->[com.google.firebase:firebase-auth:24.0.1] AndroidManifest.xml:34:13-72
169            <intent-filter>
169-->[com.google.firebase:firebase-auth:24.0.1] AndroidManifest.xml:35:13-45:29
170                <action android:name="android.intent.action.VIEW" />
170-->[com.google.firebase:firebase-auth:24.0.1] AndroidManifest.xml:36:17-69
170-->[com.google.firebase:firebase-auth:24.0.1] AndroidManifest.xml:36:25-66
171
172                <category android:name="android.intent.category.DEFAULT" />
172-->[com.google.firebase:firebase-auth:24.0.1] AndroidManifest.xml:38:17-76
172-->[com.google.firebase:firebase-auth:24.0.1] AndroidManifest.xml:38:27-73
173                <category android:name="android.intent.category.BROWSABLE" />
173-->[com.google.firebase:firebase-auth:24.0.1] AndroidManifest.xml:39:17-78
173-->[com.google.firebase:firebase-auth:24.0.1] AndroidManifest.xml:39:27-75
174
175                <data
175-->src\main\AndroidManifest.xml:42:13-50
176                    android:host="firebase.auth"
177                    android:path="/"
178                    android:scheme="genericidp" />
179            </intent-filter>
180        </activity>
181        <activity
181-->[com.google.firebase:firebase-auth:24.0.1] AndroidManifest.xml:47:9-64:20
182            android:name="com.google.firebase.auth.internal.RecaptchaActivity"
182-->[com.google.firebase:firebase-auth:24.0.1] AndroidManifest.xml:48:13-79
183            android:excludeFromRecents="true"
183-->[com.google.firebase:firebase-auth:24.0.1] AndroidManifest.xml:49:13-46
184            android:exported="true"
184-->[com.google.firebase:firebase-auth:24.0.1] AndroidManifest.xml:50:13-36
185            android:launchMode="singleTask"
185-->[com.google.firebase:firebase-auth:24.0.1] AndroidManifest.xml:51:13-44
186            android:theme="@android:style/Theme.Translucent.NoTitleBar" >
186-->[com.google.firebase:firebase-auth:24.0.1] AndroidManifest.xml:52:13-72
187            <intent-filter>
187-->[com.google.firebase:firebase-auth:24.0.1] AndroidManifest.xml:53:13-63:29
188                <action android:name="android.intent.action.VIEW" />
188-->[com.google.firebase:firebase-auth:24.0.1] AndroidManifest.xml:36:17-69
188-->[com.google.firebase:firebase-auth:24.0.1] AndroidManifest.xml:36:25-66
189
190                <category android:name="android.intent.category.DEFAULT" />
190-->[com.google.firebase:firebase-auth:24.0.1] AndroidManifest.xml:38:17-76
190-->[com.google.firebase:firebase-auth:24.0.1] AndroidManifest.xml:38:27-73
191                <category android:name="android.intent.category.BROWSABLE" />
191-->[com.google.firebase:firebase-auth:24.0.1] AndroidManifest.xml:39:17-78
191-->[com.google.firebase:firebase-auth:24.0.1] AndroidManifest.xml:39:27-75
192
193                <data
193-->src\main\AndroidManifest.xml:42:13-50
194                    android:host="firebase.auth"
195                    android:path="/"
196                    android:scheme="recaptcha" />
197            </intent-filter>
198        </activity>
199
200        <provider
200-->[com.google.firebase:firebase-common:22.0.1] AndroidManifest.xml:23:9-28:39
201            android:name="com.google.firebase.provider.FirebaseInitProvider"
201-->[com.google.firebase:firebase-common:22.0.1] AndroidManifest.xml:24:13-77
202            android:authorities="com.example.agro_smart_tech.firebaseinitprovider"
202-->[com.google.firebase:firebase-common:22.0.1] AndroidManifest.xml:25:13-72
203            android:directBootAware="true"
203-->[com.google.firebase:firebase-common:22.0.1] AndroidManifest.xml:26:13-43
204            android:exported="false"
204-->[com.google.firebase:firebase-common:22.0.1] AndroidManifest.xml:27:13-37
205            android:initOrder="100" />
205-->[com.google.firebase:firebase-common:22.0.1] AndroidManifest.xml:28:13-36
206
207        <service
207-->[androidx.credentials:credentials-play-services-auth:1.2.0-rc01] AndroidManifest.xml:24:9-32:19
208            android:name="androidx.credentials.playservices.CredentialProviderMetadataHolder"
208-->[androidx.credentials:credentials-play-services-auth:1.2.0-rc01] AndroidManifest.xml:25:13-94
209            android:enabled="true"
209-->[androidx.credentials:credentials-play-services-auth:1.2.0-rc01] AndroidManifest.xml:26:13-35
210            android:exported="false" >
210-->[androidx.credentials:credentials-play-services-auth:1.2.0-rc01] AndroidManifest.xml:27:13-37
211            <meta-data
211-->[androidx.credentials:credentials-play-services-auth:1.2.0-rc01] AndroidManifest.xml:29:13-31:104
212                android:name="androidx.credentials.CREDENTIAL_PROVIDER_KEY"
212-->[androidx.credentials:credentials-play-services-auth:1.2.0-rc01] AndroidManifest.xml:30:17-76
213                android:value="androidx.credentials.playservices.CredentialProviderPlayServicesImpl" />
213-->[androidx.credentials:credentials-play-services-auth:1.2.0-rc01] AndroidManifest.xml:31:17-101
214        </service>
215
216        <activity
216-->[androidx.credentials:credentials-play-services-auth:1.2.0-rc01] AndroidManifest.xml:34:9-41:20
217            android:name="androidx.credentials.playservices.HiddenActivity"
217-->[androidx.credentials:credentials-play-services-auth:1.2.0-rc01] AndroidManifest.xml:35:13-76
218            android:configChanges="orientation|screenSize|screenLayout|keyboardHidden"
218-->[androidx.credentials:credentials-play-services-auth:1.2.0-rc01] AndroidManifest.xml:36:13-87
219            android:enabled="true"
219-->[androidx.credentials:credentials-play-services-auth:1.2.0-rc01] AndroidManifest.xml:37:13-35
220            android:exported="false"
220-->[androidx.credentials:credentials-play-services-auth:1.2.0-rc01] AndroidManifest.xml:38:13-37
221            android:fitsSystemWindows="true"
221-->[androidx.credentials:credentials-play-services-auth:1.2.0-rc01] AndroidManifest.xml:39:13-45
222            android:theme="@style/Theme.Hidden" >
222-->[androidx.credentials:credentials-play-services-auth:1.2.0-rc01] AndroidManifest.xml:40:13-48
223        </activity>
224        <activity
224-->[com.google.android.gms:play-services-auth:20.7.0] AndroidManifest.xml:23:9-27:75
225            android:name="com.google.android.gms.auth.api.signin.internal.SignInHubActivity"
225-->[com.google.android.gms:play-services-auth:20.7.0] AndroidManifest.xml:24:13-93
226            android:excludeFromRecents="true"
226-->[com.google.android.gms:play-services-auth:20.7.0] AndroidManifest.xml:25:13-46
227            android:exported="false"
227-->[com.google.android.gms:play-services-auth:20.7.0] AndroidManifest.xml:26:13-37
228            android:theme="@android:style/Theme.Translucent.NoTitleBar" />
228-->[com.google.android.gms:play-services-auth:20.7.0] AndroidManifest.xml:27:13-72
229        <!--
230            Service handling Google Sign-In user revocation. For apps that do not integrate with
231            Google Sign-In, this service will never be started.
232        -->
233        <service
233-->[com.google.android.gms:play-services-auth:20.7.0] AndroidManifest.xml:33:9-37:51
234            android:name="com.google.android.gms.auth.api.signin.RevocationBoundService"
234-->[com.google.android.gms:play-services-auth:20.7.0] AndroidManifest.xml:34:13-89
235            android:exported="true"
235-->[com.google.android.gms:play-services-auth:20.7.0] AndroidManifest.xml:35:13-36
236            android:permission="com.google.android.gms.auth.api.signin.permission.REVOCATION_NOTIFICATION"
236-->[com.google.android.gms:play-services-auth:20.7.0] AndroidManifest.xml:36:13-107
237            android:visibleToInstantApps="true" />
237-->[com.google.android.gms:play-services-auth:20.7.0] AndroidManifest.xml:37:13-48
238
239        <provider
239-->[androidx.lifecycle:lifecycle-process:2.7.0] AndroidManifest.xml:24:9-32:20
240            android:name="androidx.startup.InitializationProvider"
240-->[androidx.lifecycle:lifecycle-process:2.7.0] AndroidManifest.xml:25:13-67
241            android:authorities="com.example.agro_smart_tech.androidx-startup"
241-->[androidx.lifecycle:lifecycle-process:2.7.0] AndroidManifest.xml:26:13-68
242            android:exported="false" >
242-->[androidx.lifecycle:lifecycle-process:2.7.0] AndroidManifest.xml:27:13-37
243            <meta-data
243-->[androidx.lifecycle:lifecycle-process:2.7.0] AndroidManifest.xml:29:13-31:52
244                android:name="androidx.lifecycle.ProcessLifecycleInitializer"
244-->[androidx.lifecycle:lifecycle-process:2.7.0] AndroidManifest.xml:30:17-78
245                android:value="androidx.startup" />
245-->[androidx.lifecycle:lifecycle-process:2.7.0] AndroidManifest.xml:31:17-49
246            <meta-data
246-->[androidx.profileinstaller:profileinstaller:1.4.0] AndroidManifest.xml:29:13-31:52
247                android:name="androidx.profileinstaller.ProfileInstallerInitializer"
247-->[androidx.profileinstaller:profileinstaller:1.4.0] AndroidManifest.xml:30:17-85
248                android:value="androidx.startup" />
248-->[androidx.profileinstaller:profileinstaller:1.4.0] AndroidManifest.xml:31:17-49
249        </provider>
250
251        <activity
251-->[com.google.android.gms:play-services-base:18.1.0] AndroidManifest.xml:20:9-22:45
252            android:name="com.google.android.gms.common.api.GoogleApiActivity"
252-->[com.google.android.gms:play-services-base:18.1.0] AndroidManifest.xml:20:19-85
253            android:exported="false"
253-->[com.google.android.gms:play-services-base:18.1.0] AndroidManifest.xml:22:19-43
254            android:theme="@android:style/Theme.Translucent.NoTitleBar" />
254-->[com.google.android.gms:play-services-base:18.1.0] AndroidManifest.xml:21:19-78
255
256        <meta-data
256-->[com.google.android.gms:play-services-basement:18.8.0] AndroidManifest.xml:21:9-23:69
257            android:name="com.google.android.gms.version"
257-->[com.google.android.gms:play-services-basement:18.8.0] AndroidManifest.xml:22:13-58
258            android:value="@integer/google_play_services_version" />
258-->[com.google.android.gms:play-services-basement:18.8.0] AndroidManifest.xml:23:13-66
259
260        <receiver
260-->[androidx.profileinstaller:profileinstaller:1.4.0] AndroidManifest.xml:34:9-52:20
261            android:name="androidx.profileinstaller.ProfileInstallReceiver"
261-->[androidx.profileinstaller:profileinstaller:1.4.0] AndroidManifest.xml:35:13-76
262            android:directBootAware="false"
262-->[androidx.profileinstaller:profileinstaller:1.4.0] AndroidManifest.xml:36:13-44
263            android:enabled="true"
263-->[androidx.profileinstaller:profileinstaller:1.4.0] AndroidManifest.xml:37:13-35
264            android:exported="true"
264-->[androidx.profileinstaller:profileinstaller:1.4.0] AndroidManifest.xml:38:13-36
265            android:permission="android.permission.DUMP" >
265-->[androidx.profileinstaller:profileinstaller:1.4.0] AndroidManifest.xml:39:13-57
266            <intent-filter>
266-->[androidx.profileinstaller:profileinstaller:1.4.0] AndroidManifest.xml:40:13-42:29
267                <action android:name="androidx.profileinstaller.action.INSTALL_PROFILE" />
267-->[androidx.profileinstaller:profileinstaller:1.4.0] AndroidManifest.xml:41:17-91
267-->[androidx.profileinstaller:profileinstaller:1.4.0] AndroidManifest.xml:41:25-88
268            </intent-filter>
269            <intent-filter>
269-->[androidx.profileinstaller:profileinstaller:1.4.0] AndroidManifest.xml:43:13-45:29
270                <action android:name="androidx.profileinstaller.action.SKIP_FILE" />
270-->[androidx.profileinstaller:profileinstaller:1.4.0] AndroidManifest.xml:44:17-85
270-->[androidx.profileinstaller:profileinstaller:1.4.0] AndroidManifest.xml:44:25-82
271            </intent-filter>
272            <intent-filter>
272-->[androidx.profileinstaller:profileinstaller:1.4.0] AndroidManifest.xml:46:13-48:29
273                <action android:name="androidx.profileinstaller.action.SAVE_PROFILE" />
273-->[androidx.profileinstaller:profileinstaller:1.4.0] AndroidManifest.xml:47:17-88
273-->[androidx.profileinstaller:profileinstaller:1.4.0] AndroidManifest.xml:47:25-85
274            </intent-filter>
275            <intent-filter>
275-->[androidx.profileinstaller:profileinstaller:1.4.0] AndroidManifest.xml:49:13-51:29
276                <action android:name="androidx.profileinstaller.action.BENCHMARK_OPERATION" />
276-->[androidx.profileinstaller:profileinstaller:1.4.0] AndroidManifest.xml:50:17-95
276-->[androidx.profileinstaller:profileinstaller:1.4.0] AndroidManifest.xml:50:25-92
277            </intent-filter>
278        </receiver>
279        <!--
280 Applications that target Android S+ require explicit declaration of
281             any referenced vendor-provided libraries.
282        -->
283        <uses-native-library
283-->[com.google.ai.edge.litert:litert-gpu-api:1.4.0] AndroidManifest.xml:8:9-10:40
284            android:name="libOpenCL.so"
284-->[com.google.ai.edge.litert:litert-gpu-api:1.4.0] AndroidManifest.xml:9:13-40
285            android:required="false" />
285-->[com.google.ai.edge.litert:litert-gpu-api:1.4.0] AndroidManifest.xml:10:13-37
286        <uses-native-library